Detecting C [-std=c90] compiler features failed to compile with the following output:
Change Dir: /home/crystal/workdir/BabyHelper/app/.externalNativeBuild/cmake/debug/mips/CMakeFiles/CMakeTmp

Run Build Command:"/home/crystal/sdk/android-sdk-linux/cmake/3.6.4111459/bin/ninja" "cmTC_b905c"
[1/2] Building C object CMakeFiles/cmTC_b905c.dir/feature_tests.c.o
[2/2] Linking C executable cmTC_b905c

Cannot copy output executable
  ''
to destination specified by COPY_FILE:
  '/home/crystal/workdir/BabyHelper/app/.externalNativeBuild/cmake/debug/mips/CMakeFiles/feature_tests.bin'
Unable to find the executable at any of:
  /home/crystal/workdir/BabyHelper/app/.externalNativeBuild/cmake/debug/mips/CMakeFiles/CMakeTmp/cmTC_b905c
  /home/crystal/workdir/BabyHelper/app/.externalNativeBuild/cmake/debug/mips/CMakeFiles/CMakeTmp/Debug/cmTC_b905c
  /home/crystal/workdir/BabyHelper/app/.externalNativeBuild/cmake/debug/mips/CMakeFiles/CMakeTmp/Development/cmTC_b905c


Detecting CXX compiler ABI info failed to compile with the following output:
Change Dir: /home/crystal/workdir/BabyHelper/app/.externalNativeBuild/cmake/debug/mips/CMakeFiles/CMakeTmp

Run Build Command:"/home/crystal/sdk/android-sdk-linux/cmake/3.6.4111459/bin/ninja" "cmTC_ee12b"
[1/2] Building CXX object CMakeFiles/cmTC_ee12b.dir/CMakeCXXCompilerABI.cpp.o
[2/2] Linking CXX executable cmTC_ee12b
Android clang version 5.0.300080  (based on LLVM 5.0.300080)
Target: mipsel-none-linux-android
Thread model: posix
InstalledDir: /home/crystal/sdk/android-ndk-r15c/toolchains/llvm/prebuilt/linux-x86_64/bin
Found candidate GCC installation: /home/crystal/sdk/android-ndk-r15c/toolchains/mips64el-linux-android-4.9/prebuilt/linux-x86_64/lib/gcc/mips64el-linux-android/4.9.x
Selected GCC installation: /home/crystal/sdk/android-ndk-r15c/toolchains/mips64el-linux-android-4.9/prebuilt/linux-x86_64/lib/gcc/mips64el-linux-android/4.9.x
Candidate multilib: .;@march=mips64r6
Candidate multilib: 32/mips-r1;@march=mips32
Candidate multilib: 32/mips-r2;@march=mips32r2
Candidate multilib: 32/mips-r6;@march=mips32r6
Selected multilib: 32/mips-r1;@march=mips32
 "/home/crystal/sdk/android-ndk-r15c/toolchains/mips64el-linux-android-4.9/prebuilt/linux-x86_64/lib/gcc/mips64el-linux-android/4.9.x/../../../../mips64el-linux-android/bin/ld" --sysroot=/home/crystal/sdk/android-ndk-r15c/platforms/android-21/arch-mips -pie -z relro --sysroot=/home/crystal/sdk/android-ndk-r15c/platforms/android-21/arch-mips --eh-frame-hdr -m elf32ltsmip -dynamic-linker /system/bin/linker -o cmTC_ee12b /home/crystal/sdk/android-ndk-r15c/platforms/android-21/arch-mips/usr/lib/../lib/crtbegin_dynamic.o -L/home/crystal/sdk/android-ndk-r15c/toolchains/mips64el-linux-android-4.9/prebuilt/linux-x86_64/lib/gcc/mips64el-linux-android/4.9.x/32/mips-r1 -L/home/crystal/sdk/android-ndk-r15c/toolchains/llvm/prebuilt/linux-x86_64/lib64/clang/5.0.300080/lib/linux/mipsel -L/home/crystal/sdk/android-ndk-r15c/toolchains/mips64el-linux-android-4.9/prebuilt/linux-x86_64/lib/gcc/mips64el-linux-android/4.9.x/32/mips-r1 -L/home/crystal/sdk/android-ndk-r15c/toolchains/mips64el-linux-android-4.9/prebuilt/linux-x86_64/lib/gcc/mips64el-linux-android/4.9.x/../../../../mips64el-linux-android/lib/../lib -L/home/crystal/sdk/android-ndk-r15c/platforms/android-21/arch-mips/usr/lib/../lib -L/home/crystal/sdk/android-ndk-r15c/toolchains/mips64el-linux-android-4.9/prebuilt/linux-x86_64/lib/gcc/mips64el-linux-android/4.9.x/../../../../mips64el-linux-android/lib -L/home/crystal/sdk/android-ndk-r15c/platforms/android-21/arch-mips/usr/lib --exclude-libs libgcc.a --build-id --warn-shared-textrel --fatal-warnings --no-undefined -z noexecstack -z relro -z now --gc-sections -z nocopyreloc CMakeFiles/cmTC_ee12b.dir/CMakeCXXCompilerABI.cpp.o -lstdc++ -lm -lgcc -lgcc -ldl -lc -lgcc -lgcc -ldl /home/crystal/sdk/android-ndk-r15c/platforms/android-21/arch-mips/usr/lib/../lib/crtend_android.o

Cannot copy output executable
  ''
to destination specified by COPY_FILE:
  '/home/crystal/workdir/BabyHelper/app/.externalNativeBuild/cmake/debug/mips/CMakeFiles/3.6.0-rc2/CMakeDetermineCompilerABI_CXX.bin'
Unable to find the executable at any of:
  /home/crystal/workdir/BabyHelper/app/.externalNativeBuild/cmake/debug/mips/CMakeFiles/CMakeTmp/cmTC_ee12b
  /home/crystal/workdir/BabyHelper/app/.externalNativeBuild/cmake/debug/mips/CMakeFiles/CMakeTmp/Debug/cmTC_ee12b
  /home/crystal/workdir/BabyHelper/app/.externalNativeBuild/cmake/debug/mips/CMakeFiles/CMakeTmp/Development/cmTC_ee12b


Detecting CXX [-std=c++14] compiler features failed to compile with the following output:
Change Dir: /home/crystal/workdir/BabyHelper/app/.externalNativeBuild/cmake/debug/mips/CMakeFiles/CMakeTmp

Run Build Command:"/home/crystal/sdk/android-sdk-linux/cmake/3.6.4111459/bin/ninja" "cmTC_b673c"
[1/2] Building CXX object CMakeFiles/cmTC_b673c.dir/feature_tests.cxx.o
FAILED: /home/crystal/sdk/android-ndk-r15c/toolchains/llvm/prebuilt/linux-x86_64/bin/clang++  --target=mipsel-none-linux-android --gcc-toolchain=/home/crystal/sdk/android-ndk-r15c/toolchains/mips64el-linux-android-4.9/prebuilt/linux-x86_64 --sysroot=/home/crystal/sdk/android-ndk-r15c/sysroot   -isystem /home/crystal/sdk/android-ndk-r15c/sources/cxx-stl/gnu-libstdc++/4.9/include -isystem /home/crystal/sdk/android-ndk-r15c/sources/cxx-stl/gnu-libstdc++/4.9/libs/mips/include -isystem /home/crystal/sdk/android-ndk-r15c/sources/cxx-stl/gnu-libstdc++/4.9/include/backward -isystem /home/crystal/sdk/android-ndk-r15c/sysroot/usr/include/mipsel-linux-android -D__ANDROID_API__=21 -g -DANDROID -ffunction-sections -funwind-tables -fstack-protector-strong -no-canonical-prefixes -mips32 -Wa,--noexecstack -Wformat -Werror=format-security    -fPIE   -std=c++14 -o CMakeFiles/cmTC_b673c.dir/feature_tests.cxx.o -c /home/crystal/workdir/BabyHelper/app/.externalNativeBuild/cmake/debug/mips/CMakeFiles/feature_tests.cxx
/home/crystal/workdir/BabyHelper/app/.externalNativeBuild/cmake/debug/mips/CMakeFiles/feature_tests.cxx:21:1: error: expected unqualified-id
"CXX_FEATURE:"
^
/home/crystal/workdir/BabyHelper/app/.externalNativeBuild/cmake/debug/mips/CMakeFiles/feature_tests.cxx:421:1: error: extraneous closing brace ('}')
};
^
/home/crystal/workdir/BabyHelper/app/.externalNativeBuild/cmake/debug/mips/CMakeFiles/feature_tests.cxx:423:5: error: redefinition of 'main'
int main(int argc, char** argv) { (void)argv; return features[argc]; }
    ^
/home/crystal/workdir/BabyHelper/app/.externalNativeBuild/cmake/debug/mips/CMakeFiles/feature_tests.cxx:20:5: note: previous definition is here
int main(int argc, char** argv) { (void)argv; return features[argc]; }
    ^
3 errors generated.
ninja: build stopped: subcommand failed.



Detecting CXX [-std=c++14] compiler features failed to compile with the following output:
Change Dir: /home/crystal/workdir/BabyHelper/app/.externalNativeBuild/cmake/debug/mips/CMakeFiles/CMakeTmp

Run Build Command:"/home/crystal/sdk/android-sdk-linux/cmake/3.6.4111459/bin/ninja" "cmTC_50aa5"
[1/2] Building CXX object CMakeFiles/cmTC_50aa5.dir/feature_tests.cxx.o
FAILED: /home/crystal/sdk/android-ndk-r15c/toolchains/llvm/prebuilt/linux-x86_64/bin/clang++  --target=mipsel-none-linux-android --gcc-toolchain=/home/crystal/sdk/android-ndk-r15c/toolchains/mips64el-linux-android-4.9/prebuilt/linux-x86_64 --sysroot=/home/crystal/sdk/android-ndk-r15c/sysroot   -isystem /home/crystal/sdk/android-ndk-r15c/sources/cxx-stl/gnu-libstdc++/4.9/include -isystem /home/crystal/sdk/android-ndk-r15c/sources/cxx-stl/gnu-libstdc++/4.9/libs/mips/include -isystem /home/crystal/sdk/android-ndk-r15c/sources/cxx-stl/gnu-libstdc++/4.9/include/backward -isystem /home/crystal/sdk/android-ndk-r15c/sysroot/usr/include/mipsel-linux-android -D__ANDROID_API__=21 -g -DANDROID -ffunction-sections -funwind-tables -fstack-protector-strong -no-canonical-prefixes -mips32 -Wa,--noexecstack -Wformat -Werror=format-security    -fPIE   -std=c++14 -o CMakeFiles/cmTC_50aa5.dir/feature_tests.cxx.o -c /home/crystal/workdir/BabyHelper/app/.externalNativeBuild/cmake/debug/mips/CMakeFiles/feature_tests.cxx
/home/crystal/workdir/BabyHelper/app/.externalNativeBuild/cmake/debug/mips/CMakeFiles/feature_tests.cxx:21:1: error: expected unqualified-id
"CXX_FEATURE:"
^
/home/crystal/workdir/BabyHelper/app/.externalNativeBuild/cmake/debug/mips/CMakeFiles/feature_tests.cxx:421:1: error: extraneous closing brace ('}')
};
^
/home/crystal/workdir/BabyHelper/app/.externalNativeBuild/cmake/debug/mips/CMakeFiles/feature_tests.cxx:423:5: error: redefinition of 'main'
int main(int argc, char** argv) { (void)argv; return features[argc]; }
    ^
/home/crystal/workdir/BabyHelper/app/.externalNativeBuild/cmake/debug/mips/CMakeFiles/feature_tests.cxx:20:5: note: previous definition is here
int main(int argc, char** argv) { (void)argv; return features[argc]; }
    ^
3 errors generated.
ninja: build stopped: subcommand failed.



